<?xml version="1.0" encoding="UTF-8"?>
<!-- Generated by org.testng.reporters.JUnitReportReporter -->
<testsuite skipped="0" hostname="3ATEF-74" name="org.example.testRunner.Runner" tests="14" failures="0" timestamp="2022-12-03T11:19:05 EET" time="113.529" errors="0">
  <testcase name="runScenario" time="5.753" classname="org.example.testRunner.Runner"/>
  <system-out/>
  <testcase name="runScenario" time="5.778" classname="org.example.testRunner.Runner"/>
  <system-out/>
  <testcase name="runScenario" time="7.219" classname="org.example.testRunner.Runner"/>
  <system-out/>
  <testcase name="runScenario" time="7.304" classname="org.example.testRunner.Runner"/>
  <system-out/>
  <testcase name="runScenario" time="7.379" classname="org.example.testRunner.Runner"/>
  <system-out/>
  <testcase name="runScenario" time="7.795" classname="org.example.testRunner.Runner"/>
  <system-out/>
  <testcase name="runScenario" time="7.357" classname="org.example.testRunner.Runner"/>
  <system-out/>
  <testcase name="runScenario" time="9.073" classname="org.example.testRunner.Runner"/>
  <system-out/>
  <testcase name="runScenario" time="6.598" classname="org.example.testRunner.Runner"/>
  <system-out/>
  <testcase name="runScenario" time="6.428" classname="org.example.testRunner.Runner"/>
  <system-out/>
  <testcase name="runScenario" time="10.770" classname="org.example.testRunner.Runner"/>
  <system-out/>
  <testcase name="runScenario" time="11.772" classname="org.example.testRunner.Runner"/>
  <system-out/>
  <testcase name="runScenario" time="12.206" classname="org.example.testRunner.Runner"/>
  <system-out/>
  <testcase name="runScenario" time="8.097" classname="org.example.testRunner.Runner"/>
  <system-out/>
</testsuite> <!-- org.example.testRunner.Runner -->
